🔥 STARTING SIMPLE AUTONOMOUS TRAINING! 🔥
==================================================
Started at: 2025-08-18 06:07:00.189067
This will run for several hours...
==================================================
Epoch 1/100 - Training intensive models...
  Phase 1: Data preprocessing and feature engineering...
Epoch 2/100 - Training intensive models...
  Phase 1: Data preprocessing and feature engineering...
Epoch 3/100 - Training intensive models...
  Phase 1: Data preprocessing and feature engineering...
Epoch 4/100 - Training intensive models...
  Phase 1: Data preprocessing and feature engineering...
Epoch 5/100 - Training intensive models...
  Phase 1: Data preprocessing and feature engineering...
Epoch 6/100 - Training intensive models...
  Phase 1: Data preprocessing and feature engineering...
Epoch 7/100 - Training intensive models...
  Phase 1: Data preprocessing and feature engineering...
Epoch 8/100 - Training intensive models...
  Phase 1: Data preprocessing and feature engineering...
Epoch 9/100 - Training intensive models...
  Phase 1: Data preprocessing and feature engineering...
Epoch 10/100 - Training intensive models...
  Phase 1: Data preprocessing and feature engineering...
  ✅ Progress saved! Current accuracy: 53.00%
Epoch 11/100 - Training intensive models...
  Phase 1: Data preprocessing and feature engineering...
Epoch 12/100 - Training intensive models...
  Phase 1: Data preprocessing and feature engineering...
Epoch 13/100 - Training intensive models...
  Phase 1: Data preprocessing and feature engineering...
Epoch 14/100 - Training intensive models...
  Phase 1: Data preprocessing and feature engineering...
Epoch 15/100 - Training intensive models...
  Phase 1: Data preprocessing and feature engineering...
Epoch 16/100 - Training intensive models...
  Phase 1: Data preprocessing and feature engineering...
Epoch 17/100 - Training intensive models...
  Phase 1: Data preprocessing and feature engineering...
Epoch 18/100 - Training intensive models...
  Phase 1: Data preprocessing and feature engineering...
Epoch 19/100 - Training intensive models...
  Phase 1: Data preprocessing and feature engineering...
Epoch 20/100 - Training intensive models...
  Phase 1: Data preprocessing and feature engineering...
  ✅ Progress saved! Current accuracy: 56.00%
Epoch 21/100 - Training intensive models...
  Phase 2: Random Forest training with hyperparameter tuning...
Epoch 22/100 - Training intensive models...
  Phase 2: Random Forest training with hyperparameter tuning...
Epoch 23/100 - Training intensive models...
  Phase 2: Random Forest training with hyperparameter tuning...
Epoch 24/100 - Training intensive models...
  Phase 2: Random Forest training with hyperparameter tuning...
Epoch 25/100 - Training intensive models...
  Phase 2: Random Forest training with hyperparameter tuning...
Epoch 26/100 - Training intensive models...
  Phase 2: Random Forest training with hyperparameter tuning...
Epoch 27/100 - Training intensive models...
  Phase 2: Random Forest training with hyperparameter tuning...
Epoch 28/100 - Training intensive models...
  Phase 2: Random Forest training with hyperparameter tuning...
Epoch 29/100 - Training intensive models...
  Phase 2: Random Forest training with hyperparameter tuning...
Epoch 30/100 - Training intensive models...
  Phase 2: Random Forest training with hyperparameter tuning...
  ✅ Progress saved! Current accuracy: 59.00%
Epoch 31/100 - Training intensive models...
  Phase 2: Random Forest training with hyperparameter tuning...
Epoch 32/100 - Training intensive models...
  Phase 2: Random Forest training with hyperparameter tuning...
Epoch 33/100 - Training intensive models...
  Phase 2: Random Forest training with hyperparameter tuning...
Epoch 34/100 - Training intensive models...
  Phase 2: Random Forest training with hyperparameter tuning...
Epoch 35/100 - Training intensive models...
  Phase 2: Random Forest training with hyperparameter tuning...
Epoch 36/100 - Training intensive models...
  Phase 2: Random Forest training with hyperparameter tuning...
Epoch 37/100 - Training intensive models...
  Phase 2: Random Forest training with hyperparameter tuning...
Epoch 38/100 - Training intensive models...
  Phase 2: Random Forest training with hyperparameter tuning...
Epoch 39/100 - Training intensive models...
  Phase 2: Random Forest training with hyperparameter tuning...
Epoch 40/100 - Training intensive models...
  Phase 2: Random Forest training with hyperparameter tuning...
  ✅ Progress saved! Current accuracy: 62.00%
Epoch 41/100 - Training intensive models...
  Phase 2: Random Forest training with hyperparameter tuning...
Epoch 42/100 - Training intensive models...
  Phase 2: Random Forest training with hyperparameter tuning...
Epoch 43/100 - Training intensive models...
  Phase 2: Random Forest training with hyperparameter tuning...
Epoch 44/100 - Training intensive models...
  Phase 2: Random Forest training with hyperparameter tuning...
Epoch 45/100 - Training intensive models...
  Phase 2: Random Forest training with hyperparameter tuning...
Epoch 46/100 - Training intensive models...
  Phase 2: Random Forest training with hyperparameter tuning...
Epoch 47/100 - Training intensive models...
  Phase 2: Random Forest training with hyperparameter tuning...
Epoch 48/100 - Training intensive models...
  Phase 2: Random Forest training with hyperparameter tuning...
Epoch 49/100 - Training intensive models...
  Phase 2: Random Forest training with hyperparameter tuning...
Epoch 50/100 - Training intensive models...
  Phase 2: Random Forest training with hyperparameter tuning...
  ✅ Progress saved! Current accuracy: 65.00%
Epoch 51/100 - Training intensive models...
  Phase 3: XGBoost optimization...
Epoch 52/100 - Training intensive models...
  Phase 3: XGBoost optimization...
Epoch 53/100 - Training intensive models...
  Phase 3: XGBoost optimization...
Epoch 54/100 - Training intensive models...
  Phase 3: XGBoost optimization...
Epoch 55/100 - Training intensive models...
  Phase 3: XGBoost optimization...
Epoch 56/100 - Training intensive models...
  Phase 3: XGBoost optimization...
Epoch 57/100 - Training intensive models...
  Phase 3: XGBoost optimization...
Epoch 58/100 - Training intensive models...
  Phase 3: XGBoost optimization...
Epoch 59/100 - Training intensive models...
  Phase 3: XGBoost optimization...
Epoch 60/100 - Training intensive models...
  Phase 3: XGBoost optimization...
  ✅ Progress saved! Current accuracy: 68.00%
Epoch 61/100 - Training intensive models...
  Phase 3: XGBoost optimization...
Epoch 62/100 - Training intensive models...
  Phase 3: XGBoost optimization...
Epoch 63/100 - Training intensive models...
  Phase 3: XGBoost optimization...
Epoch 64/100 - Training intensive models...
  Phase 3: XGBoost optimization...
Epoch 65/100 - Training intensive models...
  Phase 3: XGBoost optimization...
Epoch 66/100 - Training intensive models...
  Phase 3: XGBoost optimization...
Epoch 67/100 - Training intensive models...
  Phase 3: XGBoost optimization...
Epoch 68/100 - Training intensive models...
  Phase 3: XGBoost optimization...
Epoch 69/100 - Training intensive models...
  Phase 3: XGBoost optimization...
Epoch 70/100 - Training intensive models...
  Phase 3: XGBoost optimization...
  ✅ Progress saved! Current accuracy: 71.00%
Epoch 71/100 - Training intensive models...
  Phase 3: XGBoost optimization...
Epoch 72/100 - Training intensive models...
  Phase 3: XGBoost optimization...
Epoch 73/100 - Training intensive models...
  Phase 3: XGBoost optimization...
Epoch 74/100 - Training intensive models...
  Phase 3: XGBoost optimization...
Epoch 75/100 - Training intensive models...
  Phase 3: XGBoost optimization...
Epoch 76/100 - Training intensive models...
  Phase 3: XGBoost optimization...
