⚠️  NumPy not available - using pure Python (will be slower but more intensive)
🔥🔥🔥 ULTRA HEAVY DUTY AUTONOMOUS TRAINING SYSTEM 🔥🔥🔥
======================================================================
🕐 Started at: 2025-08-18 06:11:06.589299
💻 CPU Cores: 8
🧠 Using Pure Python (more intensive)
⏰ Expected runtime: 6-12+ hours
🎯 Goal: Maximum accuracy investment models
======================================================================
[2025-08-18 06:11:06] INIT: 🚀 Starting ULTRA HEAVY training: 2600 total iterations
[2025-08-18 06:11:06] PHASE_START: 🔥 Intensive feature engineering and data cleaning (200 iterations)
[2025-08-18 06:11:06] PHASE_START: Starting DATA_PREPROCESSING with 7 parallel workers
⚠️  NumPy not available - using pure Python (will be slower but more intensive)
🔥🔥🔥 ULTRA HEAVY DUTY AUTONOMOUS TRAINING SYSTEM 🔥🔥🔥
======================================================================
🕐 Started at: 2025-08-18 06:11:06.822221
💻 CPU Cores: 8
🧠 Using Pure Python (more intensive)
⏰ Expected runtime: 6-12+ hours
🎯 Goal: Maximum accuracy investment models
======================================================================
[2025-08-18 06:11:06] INIT: 🚀 Starting ULTRA HEAVY training: 2600 total iterations
[2025-08-18 06:11:06] PHASE_START: 🔥 Intensive feature engineering and data cleaning (200 iterations)
[2025-08-18 06:11:06] PHASE_START: Starting DATA_PREPROCESSING with 7 parallel workers
⚠️  NumPy not available - using pure Python (will be slower but more intensive)
🔥🔥🔥 ULTRA HEAVY DUTY AUTONOMOUS TRAINING SYSTEM 🔥🔥🔥
======================================================================
🕐 Started at: 2025-08-18 06:11:06.824366
💻 CPU Cores: 8
🧠 Using Pure Python (more intensive)
⏰ Expected runtime: 6-12+ hours
🎯 Goal: Maximum accuracy investment models
======================================================================
[2025-08-18 06:11:06] INIT: 🚀 Starting ULTRA HEAVY training: 2600 total iterations
[2025-08-18 06:11:06] PHASE_START: 🔥 Intensive feature engineering and data cleaning (200 iterations)
[2025-08-18 06:11:06] PHASE_START: Starting DATA_PREPROCESSING with 7 parallel workers
⚠️  NumPy not available - using pure Python (will be slower but more intensive)
🔥🔥🔥 ULTRA HEAVY DUTY AUTONOMOUS TRAINING SYSTEM 🔥🔥🔥
======================================================================
🕐 Started at: 2025-08-18 06:11:06.824651
💻 CPU Cores: 8
🧠 Using Pure Python (more intensive)
⏰ Expected runtime: 6-12+ hours
🎯 Goal: Maximum accuracy investment models
======================================================================
[2025-08-18 06:11:06] INIT: 🚀 Starting ULTRA HEAVY training: 2600 total iterations
[2025-08-18 06:11:06] PHASE_START: 🔥 Intensive feature engineering and data cleaning (200 iterations)
[2025-08-18 06:11:06] PHASE_START: Starting DATA_PREPROCESSING with 7 parallel workers
⚠️  NumPy not available - using pure Python (will be slower but more intensive)
🔥🔥🔥 ULTRA HEAVY DUTY AUTONOMOUS TRAINING SYSTEM 🔥🔥🔥
======================================================================
🕐 Started at: 2025-08-18 06:11:06.828813
💻 CPU Cores: 8
🧠 Using Pure Python (more intensive)
⏰ Expected runtime: 6-12+ hours
🎯 Goal: Maximum accuracy investment models
======================================================================
[2025-08-18 06:11:06] INIT: 🚀 Starting ULTRA HEAVY training: 2600 total iterations
[2025-08-18 06:11:06] PHASE_START: 🔥 Intensive feature engineering and data cleaning (200 iterations)
[2025-08-18 06:11:06] PHASE_START: Starting DATA_PREPROCESSING with 7 parallel workers
⚠️  NumPy not available - using pure Python (will be slower but more intensive)
🔥🔥🔥 ULTRA HEAVY DUTY AUTONOMOUS TRAINING SYSTEM 🔥🔥🔥
======================================================================
🕐 Started at: 2025-08-18 06:11:06.829054
💻 CPU Cores: 8
🧠 Using Pure Python (more intensive)
⏰ Expected runtime: 6-12+ hours
🎯 Goal: Maximum accuracy investment models
======================================================================
[2025-08-18 06:11:06] INIT: 🚀 Starting ULTRA HEAVY training: 2600 total iterations
[2025-08-18 06:11:06] PHASE_START: 🔥 Intensive feature engineering and data cleaning (200 iterations)
[2025-08-18 06:11:06] PHASE_START: Starting DATA_PREPROCESSING with 7 parallel workers
⚠️  NumPy not available - using pure Python (will be slower but more intensive)
🔥🔥🔥 ULTRA HEAVY DUTY AUTONOMOUS TRAINING SYSTEM 🔥🔥🔥
======================================================================
🕐 Started at: 2025-08-18 06:11:06.829919
💻 CPU Cores: 8
🧠 Using Pure Python (more intensive)
⏰ Expected runtime: 6-12+ hours
🎯 Goal: Maximum accuracy investment models
======================================================================
[2025-08-18 06:11:06] INIT: 🚀 Starting ULTRA HEAVY training: 2600 total iterations
[2025-08-18 06:11:06] PHASE_START: 🔥 Intensive feature engineering and data cleaning (200 iterations)
[2025-08-18 06:11:06] PHASE_START: Starting DATA_PREPROCESSING with 7 parallel workers
Traceback (most recent call last):
  File "<string>", line 1, in <module>
  File "/Users/benhplatt23/.pyenv/versions/3.11.5/lib/python3.11/multiprocessing/spawn.py", line 122, in spawn_main
    exitcode = _main(fd, parent_sentinel)
               ^^^^^^^^^^^^^^^^^^^^^^^^^^
  File "/Users/benhplatt23/.pyenv/versions/3.11.5/lib/python3.11/multiprocessing/spawn.py", line 131, in _main
    prepare(preparation_data)
  File "/Users/benhplatt23/.pyenv/versions/3.11.5/lib/python3.11/multiprocessing/spawn.py", line 246, in prepare
    _fixup_main_from_path(data['init_main_from_path'])
⚠️  NumPy not available - using pure Python (will be slower but more intensive)
🔥🔥🔥 ULTRA HEAVY DUTY AUTONOMOUS TRAINING SYSTEM 🔥🔥🔥
======================================================================
🕐 Started at: 2025-08-18 06:11:06.830698
💻 CPU Cores: 8
🧠 Using Pure Python (more intensive)
⏰ Expected runtime: 6-12+ hours
🎯 Goal: Maximum accuracy investment models
======================================================================
[2025-08-18 06:11:06] INIT: 🚀 Starting ULTRA HEAVY training: 2600 total iterations
  File "/Users/benhplatt23/.pyenv/versions/3.11.5/lib/python3.11/multiprocessing/spawn.py", line 297, in _fixup_main_from_path
[2025-08-18 06:11:06] PHASE_START: 🔥 Intensive feature engineering and data cleaning (200 iterations)
    main_content = runpy.run_path(main_path,
                   ^^^^^^^^^^^^^^^^^^^^^^^^^
  File "<frozen runpy>", line 291, in run_path
  File "<frozen runpy>", line 98, in _run_module_code
  File "<frozen runpy>", line 88, in _run_code
  File "/Users/benhplatt23/Desktop/programming/github_repositories/Finance-Machine-Learning/ultra_heavy_training.py", line 174, in <module>
    phase_results = parallel_training_phase(phase_name, iterations)
                    ^^^^^^^^^^^^^^^^^^^^^^^^^^^^^^^^^^^^^^^^^^^^^^^
  File "/Users/benhplatt23/Desktop/programming/github_repositories/Finance-Machine-Learning/ultra_heavy_training.py", line 115, in parallel_training_phase
    futures = [
              ^
  File "/Users/benhplatt23/Desktop/programming/github_repositories/Finance-Machine-Learning/ultra_heavy_training.py", line 116, in <listcomp>
[2025-08-18 06:11:06] PHASE_START: Starting DATA_PREPROCESSING with 7 parallel workers
    executor.submit(intensive_computation, i, phase_name) 
    ^^^^^^^^^^^^^^^^^^^^^^^^^^^^^^^^^^^^^^^^^^^^^^^^^^^^^
  File "/Users/benhplatt23/.pyenv/versions/3.11.5/lib/python3.11/concurrent/futures/process.py", line 791, in submit
    self._adjust_process_count()
  File "/Users/benhplatt23/.pyenv/versions/3.11.5/lib/python3.11/concurrent/futures/process.py", line 750, in _adjust_process_count
    self._spawn_process()
  File "/Users/benhplatt23/.pyenv/versions/3.11.5/lib/python3.11/concurrent/futures/process.py", line 768, in _spawn_process
    p.start()
  File "/Users/benhplatt23/.pyenv/versions/3.11.5/lib/python3.11/multiprocessing/process.py", line 121, in start
Traceback (most recent call last):
  File "<string>", line 1, in <module>
  File "/Users/benhplatt23/.pyenv/versions/3.11.5/lib/python3.11/multiprocessing/spawn.py", line 122, in spawn_main
    exitcode = _main(fd, parent_sentinel)
               ^^^^^^^^^^^^^^^^^^^^^^^^^^
  File "/Users/benhplatt23/.pyenv/versions/3.11.5/lib/python3.11/multiprocessing/spawn.py", line 131, in _main
Traceback (most recent call last):
    self._popen = self._Popen(self)
    prepare(preparation_data)
  File "/Users/benhplatt23/.pyenv/versions/3.11.5/lib/python3.11/multiprocessing/spawn.py", line 246, in prepare
                  ^^^^^^^^^^^^^^^^^
  File "/Users/benhplatt23/.pyenv/versions/3.11.5/lib/python3.11/multiprocessing/context.py", line 288, in _Popen
    _fixup_main_from_path(data['init_main_from_path'])
  File "<string>", line 1, in <module>
  File "/Users/benhplatt23/.pyenv/versions/3.11.5/lib/python3.11/multiprocessing/spawn.py", line 297, in _fixup_main_from_path
  File "/Users/benhplatt23/.pyenv/versions/3.11.5/lib/python3.11/multiprocessing/spawn.py", line 122, in spawn_main
    main_content = runpy.run_path(main_path,
    exitcode = _main(fd, parent_sentinel)
                   ^^^^^^^^^^^^^^^^^^^^^^^^^
  File "<frozen runpy>", line 291, in run_path
  File "<frozen runpy>", line 98, in _run_module_code
  File "<frozen runpy>", line 88, in _run_code
  File "/Users/benhplatt23/Desktop/programming/github_repositories/Finance-Machine-Learning/ultra_heavy_training.py", line 174, in <module>
               ^^^^^^^^^^^^^^^^^^^^^^^^^^
  File "/Users/benhplatt23/.pyenv/versions/3.11.5/lib/python3.11/multiprocessing/spawn.py", line 131, in _main
    return Popen(process_obj)
    phase_results = parallel_training_phase(phase_name, iterations)
           ^^^^^^^^^^^^^^^^^^
  File "/Users/benhplatt23/.pyenv/versions/3.11.5/lib/python3.11/multiprocessing/popen_spawn_posix.py", line 32, in __init__
                    ^^^^^^^^^^^^^^^^^^^^^^^^^^^^^^^^^^^^^^^^^^^^^^^
  File "/Users/benhplatt23/Desktop/programming/github_repositories/Finance-Machine-Learning/ultra_heavy_training.py", line 115, in parallel_training_phase
    futures = [
    prepare(preparation_data)
              ^
  File "/Users/benhplatt23/Desktop/programming/github_repositories/Finance-Machine-Learning/ultra_heavy_training.py", line 116, in <listcomp>
  File "/Users/benhplatt23/.pyenv/versions/3.11.5/lib/python3.11/multiprocessing/spawn.py", line 246, in prepare
    executor.submit(intensive_computation, i, phase_name) 
    _fixup_main_from_path(data['init_main_from_path'])
    ^^^^^^^^^^^^^^^^^^^^^^^^^^^^^^^^^^^^^^^^^^^^^^^^^^^^^
  File "/Users/benhplatt23/.pyenv/versions/3.11.5/lib/python3.11/concurrent/futures/process.py", line 791, in submit
  File "/Users/benhplatt23/.pyenv/versions/3.11.5/lib/python3.11/multiprocessing/spawn.py", line 297, in _fixup_main_from_path
    super().__init__(process_obj)
  File "/Users/benhplatt23/.pyenv/versions/3.11.5/lib/python3.11/multiprocessing/popen_fork.py", line 19, in __init__
    main_content = runpy.run_path(main_path,
                   ^^^^^^^^^^^^^^^^^^^^^^^^^
  File "<frozen runpy>", line 291, in run_path
  File "<frozen runpy>", line 98, in _run_module_code
  File "<frozen runpy>", line 88, in _run_code
  File "/Users/benhplatt23/Desktop/programming/github_repositories/Finance-Machine-Learning/ultra_heavy_training.py", line 174, in <module>
    self._adjust_process_count()
  File "/Users/benhplatt23/.pyenv/versions/3.11.5/lib/python3.11/concurrent/futures/process.py", line 750, in _adjust_process_count
    phase_results = parallel_training_phase(phase_name, iterations)
                    ^^^^^^^^^^^^^^^^^^^^^^^^^^^^^^^^^^^^^^^^^^^^^^^
  File "/Users/benhplatt23/Desktop/programming/github_repositories/Finance-Machine-Learning/ultra_heavy_training.py", line 115, in parallel_training_phase
    futures = [
              ^
  File "/Users/benhplatt23/Desktop/programming/github_repositories/Finance-Machine-Learning/ultra_heavy_training.py", line 116, in <listcomp>
    self._launch(process_obj)
    self._spawn_process()
  File "/Users/benhplatt23/.pyenv/versions/3.11.5/lib/python3.11/multiprocessing/popen_spawn_posix.py", line 42, in _launch
    executor.submit(intensive_computation, i, phase_name) 
  File "/Users/benhplatt23/.pyenv/versions/3.11.5/lib/python3.11/concurrent/futures/process.py", line 768, in _spawn_process
    prep_data = spawn.get_preparation_data(process_obj._name)
                ^^^^^^^^^^^^^^^^^^^^^^^^^^^^^^^^^^^^^^^^^^^^^
  File "/Users/benhplatt23/.pyenv/versions/3.11.5/lib/python3.11/multiprocessing/spawn.py", line 164, in get_preparation_data
    _check_not_importing_main()
    ^^^^^^^^^^^^^^^^^^^^^^^^^^^^^^^^^^^^^^^^^^^^^^^^^^^^^
  File "/Users/benhplatt23/.pyenv/versions/3.11.5/lib/python3.11/multiprocessing/spawn.py", line 140, in _check_not_importing_main
  File "/Users/benhplatt23/.pyenv/versions/3.11.5/lib/python3.11/concurrent/futures/process.py", line 791, in submit
    p.start()
  File "/Users/benhplatt23/.pyenv/versions/3.11.5/lib/python3.11/multiprocessing/process.py", line 121, in start
    raise RuntimeError('''
RuntimeError: 
        An attempt has been made to start a new process before the
        current process has finished its bootstrapping phase.

        This probably means that you are not using fork to start your
        child processes and you have forgotten to use the proper idiom
        in the main module:

            if __name__ == '__main__':
                freeze_support()
                ...

        The "freeze_support()" line can be omitted if the program
        is not going to be frozen to produce an executable.

        To fix this issue, refer to the "Safe importing of main module"
        section in https://docs.python.org/3/library/multiprocessing.html
        
    self._popen = self._Popen(self)
                  ^^^^^^^^^^^^^^^^^
  File "/Users/benhplatt23/.pyenv/versions/3.11.5/lib/python3.11/multiprocessing/context.py", line 288, in _Popen
    return Popen(process_obj)
           ^^^^^^^^^^^^^^^^^^
  File "/Users/benhplatt23/.pyenv/versions/3.11.5/lib/python3.11/multiprocessing/popen_spawn_posix.py", line 32, in __init__
    super().__init__(process_obj)
  File "/Users/benhplatt23/.pyenv/versions/3.11.5/lib/python3.11/multiprocessing/popen_fork.py", line 19, in __init__
    self._launch(process_obj)
  File "/Users/benhplatt23/.pyenv/versions/3.11.5/lib/python3.11/multiprocessing/popen_spawn_posix.py", line 42, in _launch
    prep_data = spawn.get_preparation_data(process_obj._name)
                ^^^^^^^^^^^^^^^^^^^^^^^^^^^^^^^^^^^^^^^^^^^^^
  File "/Users/benhplatt23/.pyenv/versions/3.11.5/lib/python3.11/multiprocessing/spawn.py", line 164, in get_preparation_data
    _check_not_importing_main()
    self._adjust_process_count()
  File "/Users/benhplatt23/.pyenv/versions/3.11.5/lib/python3.11/multiprocessing/spawn.py", line 140, in _check_not_importing_main
    raise RuntimeError('''
RuntimeError: 
        An attempt has been made to start a new process before the
        current process has finished its bootstrapping phase.

        This probably means that you are not using fork to start your
        child processes and you have forgotten to use the proper idiom
        in the main module:

            if __name__ == '__main__':
                freeze_support()
                ...

        The "freeze_support()" line can be omitted if the program
        is not going to be frozen to produce an executable.

        To fix this issue, refer to the "Safe importing of main module"
        section in https://docs.python.org/3/library/multiprocessing.html
        
  File "/Users/benhplatt23/.pyenv/versions/3.11.5/lib/python3.11/concurrent/futures/process.py", line 750, in _adjust_process_count
    self._spawn_process()
  File "/Users/benhplatt23/.pyenv/versions/3.11.5/lib/python3.11/concurrent/futures/process.py", line 768, in _spawn_process
Traceback (most recent call last):
  File "<string>", line 1, in <module>
    p.start()
  File "/Users/benhplatt23/.pyenv/versions/3.11.5/lib/python3.11/multiprocessing/spawn.py", line 122, in spawn_main
  File "/Users/benhplatt23/.pyenv/versions/3.11.5/lib/python3.11/multiprocessing/process.py", line 121, in start
    exitcode = _main(fd, parent_sentinel)
               ^^^^^^^^^^^^^^^^^^^^^^^^^^
  File "/Users/benhplatt23/.pyenv/versions/3.11.5/lib/python3.11/multiprocessing/spawn.py", line 131, in _main
    self._popen = self._Popen(self)
    prepare(preparation_data)
  File "/Users/benhplatt23/.pyenv/versions/3.11.5/lib/python3.11/multiprocessing/spawn.py", line 246, in prepare
                  ^^^^^^^^^^^^^^^^^
  File "/Users/benhplatt23/.pyenv/versions/3.11.5/lib/python3.11/multiprocessing/context.py", line 288, in _Popen
    _fixup_main_from_path(data['init_main_from_path'])
  File "/Users/benhplatt23/.pyenv/versions/3.11.5/lib/python3.11/multiprocessing/spawn.py", line 297, in _fixup_main_from_path
    main_content = runpy.run_path(main_path,
                   ^^^^^^^^^^^^^^^^^^^^^^^^^
  File "<frozen runpy>", line 291, in run_path
  File "<frozen runpy>", line 98, in _run_module_code
  File "<frozen runpy>", line 88, in _run_code
  File "/Users/benhplatt23/Desktop/programming/github_repositories/Finance-Machine-Learning/ultra_heavy_training.py", line 174, in <module>
    return Popen(process_obj)
           ^^^^^^^^^^^^^^^^^^
    phase_results = parallel_training_phase(phase_name, iterations)
  File "/Users/benhplatt23/.pyenv/versions/3.11.5/lib/python3.11/multiprocessing/popen_spawn_posix.py", line 32, in __init__
                    ^^^^^^^^^^^^^^^^^^^^^^^^^^^^^^^^^^^^^^^^^^^^^^^
  File "/Users/benhplatt23/Desktop/programming/github_repositories/Finance-Machine-Learning/ultra_heavy_training.py", line 115, in parallel_training_phase
    futures = [
              ^
  File "/Users/benhplatt23/Desktop/programming/github_repositories/Finance-Machine-Learning/ultra_heavy_training.py", line 116, in <listcomp>
    super().__init__(process_obj)
    executor.submit(intensive_computation, i, phase_name) 
    ^^^^^^^^^^^^^^^^^^^^^^^^^^^^^^^^^^^^^^^^^^^^^^^^^^^^^
  File "/Users/benhplatt23/.pyenv/versions/3.11.5/lib/python3.11/concurrent/futures/process.py", line 791, in submit
  File "/Users/benhplatt23/.pyenv/versions/3.11.5/lib/python3.11/multiprocessing/popen_fork.py", line 19, in __init__
    self._launch(process_obj)
    self._adjust_process_count()
Traceback (most recent call last):
  File "/Users/benhplatt23/.pyenv/versions/3.11.5/lib/python3.11/multiprocessing/popen_spawn_posix.py", line 42, in _launch
  File "<string>", line 1, in <module>
  File "/Users/benhplatt23/.pyenv/versions/3.11.5/lib/python3.11/multiprocessing/spawn.py", line 122, in spawn_main
  File "/Users/benhplatt23/.pyenv/versions/3.11.5/lib/python3.11/concurrent/futures/process.py", line 750, in _adjust_process_count
    prep_data = spawn.get_preparation_data(process_obj._name)
                ^^^^^^^^^^^^^^^^^^^^^^^^^^^^^^^^^^^^^^^^^^^^^
  File "/Users/benhplatt23/.pyenv/versions/3.11.5/lib/python3.11/multiprocessing/spawn.py", line 164, in get_preparation_data
    exitcode = _main(fd, parent_sentinel)
               ^^^^^^^^^^^^^^^^^^^^^^^^^^
  File "/Users/benhplatt23/.pyenv/versions/3.11.5/lib/python3.11/multiprocessing/spawn.py", line 131, in _main
    _check_not_importing_main()
  File "/Users/benhplatt23/.pyenv/versions/3.11.5/lib/python3.11/multiprocessing/spawn.py", line 140, in _check_not_importing_main
    prepare(preparation_data)
  File "/Users/benhplatt23/.pyenv/versions/3.11.5/lib/python3.11/multiprocessing/spawn.py", line 246, in prepare
    raise RuntimeError('''
RuntimeError: 
        An attempt has been made to start a new process before the
        current process has finished its bootstrapping phase.

        This probably means that you are not using fork to start your
        child processes and you have forgotten to use the proper idiom
        in the main module:

            if __name__ == '__main__':
                freeze_support()
                ...

        The "freeze_support()" line can be omitted if the program
        is not going to be frozen to produce an executable.

        To fix this issue, refer to the "Safe importing of main module"
        section in https://docs.python.org/3/library/multiprocessing.html
        
    _fixup_main_from_path(data['init_main_from_path'])
  File "/Users/benhplatt23/.pyenv/versions/3.11.5/lib/python3.11/multiprocessing/spawn.py", line 297, in _fixup_main_from_path
    main_content = runpy.run_path(main_path,
                   ^^^^^^^^^^^^^^^^^^^^^^^^^
  File "<frozen runpy>", line 291, in run_path
  File "<frozen runpy>", line 98, in _run_module_code
  File "<frozen runpy>", line 88, in _run_code
  File "/Users/benhplatt23/Desktop/programming/github_repositories/Finance-Machine-Learning/ultra_heavy_training.py", line 174, in <module>
    self._spawn_process()
Traceback (most recent call last):
  File "<string>", line 1, in <module>
  File "/Users/benhplatt23/.pyenv/versions/3.11.5/lib/python3.11/multiprocessing/spawn.py", line 122, in spawn_main
  File "/Users/benhplatt23/.pyenv/versions/3.11.5/lib/python3.11/concurrent/futures/process.py", line 768, in _spawn_process
    phase_results = parallel_training_phase(phase_name, iterations)
    exitcode = _main(fd, parent_sentinel)
               ^^^^^^^^^^^^^^^^^^^^^^^^^^
  File "/Users/benhplatt23/.pyenv/versions/3.11.5/lib/python3.11/multiprocessing/spawn.py", line 131, in _main
                    ^^^^^^^^^^^^^^^^^^^^^^^^^^^^^^^^^^^^^^^^^^^^^^^
  File "/Users/benhplatt23/Desktop/programming/github_repositories/Finance-Machine-Learning/ultra_heavy_training.py", line 115, in parallel_training_phase
    prepare(preparation_data)
  File "/Users/benhplatt23/.pyenv/versions/3.11.5/lib/python3.11/multiprocessing/spawn.py", line 246, in prepare
    p.start()
  File "/Users/benhplatt23/.pyenv/versions/3.11.5/lib/python3.11/multiprocessing/process.py", line 121, in start
    _fixup_main_from_path(data['init_main_from_path'])
  File "/Users/benhplatt23/.pyenv/versions/3.11.5/lib/python3.11/multiprocessing/spawn.py", line 297, in _fixup_main_from_path
    self._popen = self._Popen(self)
                  ^^^^^^^^^^^^^^^^^
  File "/Users/benhplatt23/.pyenv/versions/3.11.5/lib/python3.11/multiprocessing/context.py", line 288, in _Popen
    main_content = runpy.run_path(main_path,
                   ^^^^^^^^^^^^^^^^^^^^^^^^^
  File "<frozen runpy>", line 291, in run_path
  File "<frozen runpy>", line 98, in _run_module_code
  File "<frozen runpy>", line 88, in _run_code
  File "/Users/benhplatt23/Desktop/programming/github_repositories/Finance-Machine-Learning/ultra_heavy_training.py", line 174, in <module>
    futures = [
    return Popen(process_obj)
              ^
           ^^^^^^^^^^^^^^^^^^
  File "/Users/benhplatt23/.pyenv/versions/3.11.5/lib/python3.11/multiprocessing/popen_spawn_posix.py", line 32, in __init__
  File "/Users/benhplatt23/Desktop/programming/github_repositories/Finance-Machine-Learning/ultra_heavy_training.py", line 116, in <listcomp>
    phase_results = parallel_training_phase(phase_name, iterations)
    super().__init__(process_obj)
                    ^^^^^^^^^^^^^^^^^^^^^^^^^^^^^^^^^^^^^^^^^^^^^^^
  File "/Users/benhplatt23/.pyenv/versions/3.11.5/lib/python3.11/multiprocessing/popen_fork.py", line 19, in __init__
  File "/Users/benhplatt23/Desktop/programming/github_repositories/Finance-Machine-Learning/ultra_heavy_training.py", line 115, in parallel_training_phase
    self._launch(process_obj)
  File "/Users/benhplatt23/.pyenv/versions/3.11.5/lib/python3.11/multiprocessing/popen_spawn_posix.py", line 42, in _launch
    futures = [
              ^
  File "/Users/benhplatt23/Desktop/programming/github_repositories/Finance-Machine-Learning/ultra_heavy_training.py", line 116, in <listcomp>
    prep_data = spawn.get_preparation_data(process_obj._name)
                ^^^^^^^^^^^^^^^^^^^^^^^^^^^^^^^^^^^^^^^^^^^^^
  File "/Users/benhplatt23/.pyenv/versions/3.11.5/lib/python3.11/multiprocessing/spawn.py", line 164, in get_preparation_data
    executor.submit(intensive_computation, i, phase_name) 
    executor.submit(intensive_computation, i, phase_name) 
    _check_not_importing_main()
    ^^^^^^^^^^^^^^^^^^^^^^^^^^^^^^^^^^^^^^^^^^^^^^^^^^^^^
  File "/Users/benhplatt23/.pyenv/versions/3.11.5/lib/python3.11/concurrent/futures/process.py", line 791, in submit
  File "/Users/benhplatt23/.pyenv/versions/3.11.5/lib/python3.11/multiprocessing/spawn.py", line 140, in _check_not_importing_main
    ^^^^^^^^^^^^^^^^^^^^^^^^^^^^^^^^^^^^^^^^^^^^^^^^^^^^^
  File "/Users/benhplatt23/.pyenv/versions/3.11.5/lib/python3.11/concurrent/futures/process.py", line 791, in submit
    self._adjust_process_count()
  File "/Users/benhplatt23/.pyenv/versions/3.11.5/lib/python3.11/concurrent/futures/process.py", line 750, in _adjust_process_count
    self._adjust_process_count()
  File "/Users/benhplatt23/.pyenv/versions/3.11.5/lib/python3.11/concurrent/futures/process.py", line 750, in _adjust_process_count
    raise RuntimeError('''
RuntimeError: 
        An attempt has been made to start a new process before the
        current process has finished its bootstrapping phase.

        This probably means that you are not using fork to start your
        child processes and you have forgotten to use the proper idiom
        in the main module:

            if __name__ == '__main__':
                freeze_support()
                ...

        The "freeze_support()" line can be omitted if the program
        is not going to be frozen to produce an executable.

        To fix this issue, refer to the "Safe importing of main module"
        section in https://docs.python.org/3/library/multiprocessing.html
        
    self._spawn_process()
  File "/Users/benhplatt23/.pyenv/versions/3.11.5/lib/python3.11/concurrent/futures/process.py", line 768, in _spawn_process
    self._spawn_process()
  File "/Users/benhplatt23/.pyenv/versions/3.11.5/lib/python3.11/concurrent/futures/process.py", line 768, in _spawn_process
    p.start()
  File "/Users/benhplatt23/.pyenv/versions/3.11.5/lib/python3.11/multiprocessing/process.py", line 121, in start
    p.start()
    self._popen = self._Popen(self)
  File "/Users/benhplatt23/.pyenv/versions/3.11.5/lib/python3.11/multiprocessing/process.py", line 121, in start
                  ^^^^^^^^^^^^^^^^^
  File "/Users/benhplatt23/.pyenv/versions/3.11.5/lib/python3.11/multiprocessing/context.py", line 288, in _Popen
    self._popen = self._Popen(self)
                  ^^^^^^^^^^^^^^^^^
  File "/Users/benhplatt23/.pyenv/versions/3.11.5/lib/python3.11/multiprocessing/context.py", line 288, in _Popen
    return Popen(process_obj)
           ^^^^^^^^^^^^^^^^^^
  File "/Users/benhplatt23/.pyenv/versions/3.11.5/lib/python3.11/multiprocessing/popen_spawn_posix.py", line 32, in __init__
    super().__init__(process_obj)
    return Popen(process_obj)
  File "/Users/benhplatt23/.pyenv/versions/3.11.5/lib/python3.11/multiprocessing/popen_fork.py", line 19, in __init__
           ^^^^^^^^^^^^^^^^^^
  File "/Users/benhplatt23/.pyenv/versions/3.11.5/lib/python3.11/multiprocessing/popen_spawn_posix.py", line 32, in __init__
    self._launch(process_obj)
Traceback (most recent call last):
  File "<string>", line 1, in <module>
  File "/Users/benhplatt23/.pyenv/versions/3.11.5/lib/python3.11/multiprocessing/spawn.py", line 122, in spawn_main
    super().__init__(process_obj)
  File "/Users/benhplatt23/.pyenv/versions/3.11.5/lib/python3.11/multiprocessing/popen_spawn_posix.py", line 42, in _launch
  File "/Users/benhplatt23/.pyenv/versions/3.11.5/lib/python3.11/multiprocessing/popen_fork.py", line 19, in __init__
    exitcode = _main(fd, parent_sentinel)
    self._launch(process_obj)
               ^^^^^^^^^^^^^^^^^^^^^^^^^^
  File "/Users/benhplatt23/.pyenv/versions/3.11.5/lib/python3.11/multiprocessing/spawn.py", line 131, in _main
    prep_data = spawn.get_preparation_data(process_obj._name)
                ^^^^^^^^^^^^^^^^^^^^^^^^^^^^^^^^^^^^^^^^^^^^^
  File "/Users/benhplatt23/.pyenv/versions/3.11.5/lib/python3.11/multiprocessing/spawn.py", line 164, in get_preparation_data
  File "/Users/benhplatt23/.pyenv/versions/3.11.5/lib/python3.11/multiprocessing/popen_spawn_posix.py", line 42, in _launch
    prepare(preparation_data)
    _check_not_importing_main()
    prep_data = spawn.get_preparation_data(process_obj._name)
  File "/Users/benhplatt23/.pyenv/versions/3.11.5/lib/python3.11/multiprocessing/spawn.py", line 140, in _check_not_importing_main
                ^^^^^^^^^^^^^^^^^^^^^^^^^^^^^^^^^^^^^^^^^^^^^
  File "/Users/benhplatt23/.pyenv/versions/3.11.5/lib/python3.11/multiprocessing/spawn.py", line 164, in get_preparation_data
    raise RuntimeError('''
RuntimeError: 
        An attempt has been made to start a new process before the
        current process has finished its bootstrapping phase.

        This probably means that you are not using fork to start your
        child processes and you have forgotten to use the proper idiom
        in the main module:

            if __name__ == '__main__':
                freeze_support()
                ...

        The "freeze_support()" line can be omitted if the program
        is not going to be frozen to produce an executable.

        To fix this issue, refer to the "Safe importing of main module"
        section in https://docs.python.org/3/library/multiprocessing.html
        
  File "/Users/benhplatt23/.pyenv/versions/3.11.5/lib/python3.11/multiprocessing/spawn.py", line 246, in prepare
    _check_not_importing_main()
  File "/Users/benhplatt23/.pyenv/versions/3.11.5/lib/python3.11/multiprocessing/spawn.py", line 140, in _check_not_importing_main
    raise RuntimeError('''
RuntimeError: 
        An attempt has been made to start a new process before the
        current process has finished its bootstrapping phase.

        This probably means that you are not using fork to start your
        child processes and you have forgotten to use the proper idiom
        in the main module:

            if __name__ == '__main__':
                freeze_support()
                ...

        The "freeze_support()" line can be omitted if the program
        is not going to be frozen to produce an executable.

        To fix this issue, refer to the "Safe importing of main module"
        section in https://docs.python.org/3/library/multiprocessing.html
        
    _fixup_main_from_path(data['init_main_from_path'])
  File "/Users/benhplatt23/.pyenv/versions/3.11.5/lib/python3.11/multiprocessing/spawn.py", line 297, in _fixup_main_from_path
    main_content = runpy.run_path(main_path,
                   ^^^^^^^^^^^^^^^^^^^^^^^^^
  File "<frozen runpy>", line 291, in run_path
  File "<frozen runpy>", line 98, in _run_module_code
  File "<frozen runpy>", line 88, in _run_code
  File "/Users/benhplatt23/Desktop/programming/github_repositories/Finance-Machine-Learning/ultra_heavy_training.py", line 174, in <module>
    phase_results = parallel_training_phase(phase_name, iterations)
                    ^^^^^^^^^^^^^^^^^^^^^^^^^^^^^^^^^^^^^^^^^^^^^^^
  File "/Users/benhplatt23/Desktop/programming/github_repositories/Finance-Machine-Learning/ultra_heavy_training.py", line 115, in parallel_training_phase
    futures = [
              ^
  File "/Users/benhplatt23/Desktop/programming/github_repositories/Finance-Machine-Learning/ultra_heavy_training.py", line 116, in <listcomp>
    executor.submit(intensive_computation, i, phase_name) 
    ^^^^^^^^^^^^^^^^^^^^^^^^^^^^^^^^^^^^^^^^^^^^^^^^^^^^^
  File "/Users/benhplatt23/.pyenv/versions/3.11.5/lib/python3.11/concurrent/futures/process.py", line 791, in submit
    self._adjust_process_count()
  File "/Users/benhplatt23/.pyenv/versions/3.11.5/lib/python3.11/concurrent/futures/process.py", line 750, in _adjust_process_count
    self._spawn_process()
  File "/Users/benhplatt23/.pyenv/versions/3.11.5/lib/python3.11/concurrent/futures/process.py", line 768, in _spawn_process
    p.start()
  File "/Users/benhplatt23/.pyenv/versions/3.11.5/lib/python3.11/multiprocessing/process.py", line 121, in start
    self._popen = self._Popen(self)
                  ^^^^^^^^^^^^^^^^^
  File "/Users/benhplatt23/.pyenv/versions/3.11.5/lib/python3.11/multiprocessing/context.py", line 288, in _Popen
    return Popen(process_obj)
           ^^^^^^^^^^^^^^^^^^
  File "/Users/benhplatt23/.pyenv/versions/3.11.5/lib/python3.11/multiprocessing/popen_spawn_posix.py", line 32, in __init__
    super().__init__(process_obj)
  File "/Users/benhplatt23/.pyenv/versions/3.11.5/lib/python3.11/multiprocessing/popen_fork.py", line 19, in __init__
    self._launch(process_obj)
  File "/Users/benhplatt23/.pyenv/versions/3.11.5/lib/python3.11/multiprocessing/popen_spawn_posix.py", line 42, in _launch
    prep_data = spawn.get_preparation_data(process_obj._name)
                ^^^^^^^^^^^^^^^^^^^^^^^^^^^^^^^^^^^^^^^^^^^^^
  File "/Users/benhplatt23/.pyenv/versions/3.11.5/lib/python3.11/multiprocessing/spawn.py", line 164, in get_preparation_data
    _check_not_importing_main()
  File "/Users/benhplatt23/.pyenv/versions/3.11.5/lib/python3.11/multiprocessing/spawn.py", line 140, in _check_not_importing_main
    raise RuntimeError('''
RuntimeError: 
        An attempt has been made to start a new process before the
        current process has finished its bootstrapping phase.

        This probably means that you are not using fork to start your
        child processes and you have forgotten to use the proper idiom
        in the main module:

            if __name__ == '__main__':
                freeze_support()
                ...

        The "freeze_support()" line can be omitted if the program
        is not going to be frozen to produce an executable.

        To fix this issue, refer to the "Safe importing of main module"
        section in https://docs.python.org/3/library/multiprocessing.html
        
[2025-08-18 06:11:06] ERROR: Error in iteration 0: A process in the process pool was terminated abruptly while the future was running or pending.
[2025-08-18 06:11:06] ERROR: Error in iteration 1: A process in the process pool was terminated abruptly while the future was running or pending.
[2025-08-18 06:11:06] ERROR: Error in iteration 2: A process in the process pool was terminated abruptly while the future was running or pending.
[2025-08-18 06:11:06] ERROR: Error in iteration 3: A process in the process pool was terminated abruptly while the future was running or pending.
[2025-08-18 06:11:06] ERROR: Error in iteration 4: A process in the process pool was terminated abruptly while the future was running or pending.
[2025-08-18 06:11:06] ERROR: Error in iteration 5: A process in the process pool was terminated abruptly while the future was running or pending.
[2025-08-18 06:11:06] ERROR: Error in iteration 6: A process in the process pool was terminated abruptly while the future was running or pending.
[2025-08-18 06:11:06] ERROR: Error in iteration 7: A process in the process pool was terminated abruptly while the future was running or pending.
[2025-08-18 06:11:06] ERROR: Error in iteration 8: A process in the process pool was terminated abruptly while the future was running or pending.
[2025-08-18 06:11:06] ERROR: Error in iteration 9: A process in the process pool was terminated abruptly while the future was running or pending.
[2025-08-18 06:11:06] ERROR: Error in iteration 10: A process in the process pool was terminated abruptly while the future was running or pending.
[2025-08-18 06:11:06] ERROR: Error in iteration 11: A process in the process pool was terminated abruptly while the future was running or pending.
[2025-08-18 06:11:06] ERROR: Error in iteration 12: A process in the process pool was terminated abruptly while the future was running or pending.
[2025-08-18 06:11:06] ERROR: Error in iteration 13: A process in the process pool was terminated abruptly while the future was running or pending.
[2025-08-18 06:11:06] ERROR: Error in iteration 14: A process in the process pool was terminated abruptly while the future was running or pending.
[2025-08-18 06:11:06] ERROR: Error in iteration 15: A process in the process pool was terminated abruptly while the future was running or pending.
[2025-08-18 06:11:06] ERROR: Error in iteration 16: A process in the process pool was terminated abruptly while the future was running or pending.
[2025-08-18 06:11:06] ERROR: Error in iteration 17: A process in the process pool was terminated abruptly while the future was running or pending.
[2025-08-18 06:11:06] ERROR: Error in iteration 18: A process in the process pool was terminated abruptly while the future was running or pending.
[2025-08-18 06:11:06] ERROR: Error in iteration 19: A process in the process pool was terminated abruptly while the future was running or pending.
[2025-08-18 06:11:06] ERROR: Error in iteration 20: A process in the process pool was terminated abruptly while the future was running or pending.
[2025-08-18 06:11:06] ERROR: Error in iteration 21: A process in the process pool was terminated abruptly while the future was running or pending.
[2025-08-18 06:11:06] ERROR: Error in iteration 22: A process in the process pool was terminated abruptly while the future was running or pending.
[2025-08-18 06:11:06] ERROR: Error in iteration 23: A process in the process pool was terminated abruptly while the future was running or pending.
[2025-08-18 06:11:06] ERROR: Error in iteration 24: A process in the process pool was terminated abruptly while the future was running or pending.
[2025-08-18 06:11:06] ERROR: Error in iteration 25: A process in the process pool was terminated abruptly while the future was running or pending.
[2025-08-18 06:11:06] ERROR: Error in iteration 26: A process in the process pool was terminated abruptly while the future was running or pending.
[2025-08-18 06:11:06] ERROR: Error in iteration 27: A process in the process pool was terminated abruptly while the future was running or pending.
[2025-08-18 06:11:06] ERROR: Error in iteration 28: A process in the process pool was terminated abruptly while the future was running or pending.
[2025-08-18 06:11:06] ERROR: Error in iteration 29: A process in the process pool was terminated abruptly while the future was running or pending.
[2025-08-18 06:11:06] ERROR: Error in iteration 30: A process in the process pool was terminated abruptly while the future was running or pending.
[2025-08-18 06:11:06] ERROR: Error in iteration 31: A process in the process pool was terminated abruptly while the future was running or pending.
[2025-08-18 06:11:06] ERROR: Error in iteration 32: A process in the process pool was terminated abruptly while the future was running or pending.
[2025-08-18 06:11:06] ERROR: Error in iteration 33: A process in the process pool was terminated abruptly while the future was running or pending.
[2025-08-18 06:11:06] ERROR: Error in iteration 34: A process in the process pool was terminated abruptly while the future was running or pending.
[2025-08-18 06:11:06] ERROR: Error in iteration 35: A process in the process pool was terminated abruptly while the future was running or pending.
[2025-08-18 06:11:06] ERROR: Error in iteration 36: A process in the process pool was terminated abruptly while the future was running or pending.
[2025-08-18 06:11:06] ERROR: Error in iteration 37: A process in the process pool was terminated abruptly while the future was running or pending.
[2025-08-18 06:11:06] ERROR: Error in iteration 38: A process in the process pool was terminated abruptly while the future was running or pending.
[2025-08-18 06:11:06] ERROR: Error in iteration 39: A process in the process pool was terminated abruptly while the future was running or pending.
[2025-08-18 06:11:06] ERROR: Error in iteration 40: A process in the process pool was terminated abruptly while the future was running or pending.
[2025-08-18 06:11:06] ERROR: Error in iteration 41: A process in the process pool was terminated abruptly while the future was running or pending.
[2025-08-18 06:11:06] ERROR: Error in iteration 42: A process in the process pool was terminated abruptly while the future was running or pending.
[2025-08-18 06:11:06] ERROR: Error in iteration 43: A process in the process pool was terminated abruptly while the future was running or pending.
[2025-08-18 06:11:06] ERROR: Error in iteration 44: A process in the process pool was terminated abruptly while the future was running or pending.
[2025-08-18 06:11:06] ERROR: Error in iteration 45: A process in the process pool was terminated abruptly while the future was running or pending.
[2025-08-18 06:11:06] ERROR: Error in iteration 46: A process in the process pool was terminated abruptly while the future was running or pending.
[2025-08-18 06:11:06] ERROR: Error in iteration 47: A process in the process pool was terminated abruptly while the future was running or pending.
[2025-08-18 06:11:06] ERROR: Error in iteration 48: A process in the process pool was terminated abruptly while the future was running or pending.
[2025-08-18 06:11:06] ERROR: Error in iteration 49: A process in the process pool was terminated abruptly while the future was running or pending.
[2025-08-18 06:11:06] ERROR: Error in iteration 50: A process in the process pool was terminated abruptly while the future was running or pending.
[2025-08-18 06:11:06] ERROR: Error in iteration 51: A process in the process pool was terminated abruptly while the future was running or pending.
[2025-08-18 06:11:06] ERROR: Error in iteration 52: A process in the process pool was terminated abruptly while the future was running or pending.
[2025-08-18 06:11:06] ERROR: Error in iteration 53: A process in the process pool was terminated abruptly while the future was running or pending.
[2025-08-18 06:11:06] ERROR: Error in iteration 54: A process in the process pool was terminated abruptly while the future was running or pending.
[2025-08-18 06:11:06] ERROR: Error in iteration 55: A process in the process pool was terminated abruptly while the future was running or pending.
[2025-08-18 06:11:06] ERROR: Error in iteration 56: A process in the process pool was terminated abruptly while the future was running or pending.
[2025-08-18 06:11:06] ERROR: Error in iteration 57: A process in the process pool was terminated abruptly while the future was running or pending.
[2025-08-18 06:11:06] ERROR: Error in iteration 58: A process in the process pool was terminated abruptly while the future was running or pending.
[2025-08-18 06:11:06] ERROR: Error in iteration 59: A process in the process pool was terminated abruptly while the future was running or pending.
[2025-08-18 06:11:06] ERROR: Error in iteration 60: A process in the process pool was terminated abruptly while the future was running or pending.
[2025-08-18 06:11:06] ERROR: Error in iteration 61: A process in the process pool was terminated abruptly while the future was running or pending.
[2025-08-18 06:11:06] ERROR: Error in iteration 62: A process in the process pool was terminated abruptly while the future was running or pending.
[2025-08-18 06:11:06] ERROR: Error in iteration 63: A process in the process pool was terminated abruptly while the future was running or pending.
[2025-08-18 06:11:06] ERROR: Error in iteration 64: A process in the process pool was terminated abruptly while the future was running or pending.
[2025-08-18 06:11:06] ERROR: Error in iteration 65: A process in the process pool was terminated abruptly while the future was running or pending.
[2025-08-18 06:11:06] ERROR: Error in iteration 66: A process in the process pool was terminated abruptly while the future was running or pending.
[2025-08-18 06:11:06] ERROR: Error in iteration 67: A process in the process pool was terminated abruptly while the future was running or pending.
[2025-08-18 06:11:06] ERROR: Error in iteration 68: A process in the process pool was terminated abruptly while the future was running or pending.
[2025-08-18 06:11:06] ERROR: Error in iteration 69: A process in the process pool was terminated abruptly while the future was running or pending.
[2025-08-18 06:11:06] ERROR: Error in iteration 70: A process in the process pool was terminated abruptly while the future was running or pending.
[2025-08-18 06:11:06] ERROR: Error in iteration 71: A process in the process pool was terminated abruptly while the future was running or pending.
[2025-08-18 06:11:06] ERROR: Error in iteration 72: A process in the process pool was terminated abruptly while the future was running or pending.
[2025-08-18 06:11:06] ERROR: Error in iteration 73: A process in the process pool was terminated abruptly while the future was running or pending.
[2025-08-18 06:11:06] ERROR: Error in iteration 74: A process in the process pool was terminated abruptly while the future was running or pending.
[2025-08-18 06:11:06] ERROR: Error in iteration 75: A process in the process pool was terminated abruptly while the future was running or pending.
[2025-08-18 06:11:06] ERROR: Error in iteration 76: A process in the process pool was terminated abruptly while the future was running or pending.
[2025-08-18 06:11:06] ERROR: Error in iteration 77: A process in the process pool was terminated abruptly while the future was running or pending.
[2025-08-18 06:11:06] ERROR: Error in iteration 78: A process in the process pool was terminated abruptly while the future was running or pending.
[2025-08-18 06:11:06] ERROR: Error in iteration 79: A process in the process pool was terminated abruptly while the future was running or pending.
[2025-08-18 06:11:06] ERROR: Error in iteration 80: A process in the process pool was terminated abruptly while the future was running or pending.
[2025-08-18 06:11:06] ERROR: Error in iteration 81: A process in the process pool was terminated abruptly while the future was running or pending.
[2025-08-18 06:11:06] ERROR: Error in iteration 82: A process in the process pool was terminated abruptly while the future was running or pending.
[2025-08-18 06:11:06] ERROR: Error in iteration 83: A process in the process pool was terminated abruptly while the future was running or pending.
[2025-08-18 06:11:06] ERROR: Error in iteration 84: A process in the process pool was terminated abruptly while the future was running or pending.
[2025-08-18 06:11:06] ERROR: Error in iteration 85: A process in the process pool was terminated abruptly while the future was running or pending.
[2025-08-18 06:11:06] ERROR: Error in iteration 86: A process in the process pool was terminated abruptly while the future was running or pending.
[2025-08-18 06:11:06] ERROR: Error in iteration 87: A process in the process pool was terminated abruptly while the future was running or pending.
[2025-08-18 06:11:06] ERROR: Error in iteration 88: A process in the process pool was terminated abruptly while the future was running or pending.
[2025-08-18 06:11:06] ERROR: Error in iteration 89: A process in the process pool was terminated abruptly while the future was running or pending.
[2025-08-18 06:11:06] ERROR: Error in iteration 90: A process in the process pool was terminated abruptly while the future was running or pending.
[2025-08-18 06:11:06] ERROR: Error in iteration 91: A process in the process pool was terminated abruptly while the future was running or pending.
[2025-08-18 06:11:06] ERROR: Error in iteration 92: A process in the process pool was terminated abruptly while the future was running or pending.
[2025-08-18 06:11:06] ERROR: Error in iteration 93: A process in the process pool was terminated abruptly while the future was running or pending.
[2025-08-18 06:11:06] ERROR: Error in iteration 94: A process in the process pool was terminated abruptly while the future was running or pending.
[2025-08-18 06:11:06] ERROR: Error in iteration 95: A process in the process pool was terminated abruptly while the future was running or pending.
[2025-08-18 06:11:06] ERROR: Error in iteration 96: A process in the process pool was terminated abruptly while the future was running or pending.
[2025-08-18 06:11:06] ERROR: Error in iteration 97: A process in the process pool was terminated abruptly while the future was running or pending.
[2025-08-18 06:11:06] ERROR: Error in iteration 98: A process in the process pool was terminated abruptly while the future was running or pending.
[2025-08-18 06:11:06] ERROR: Error in iteration 99: A process in the process pool was terminated abruptly while the future was running or pending.
[2025-08-18 06:11:06] ERROR: Error in iteration 100: A process in the process pool was terminated abruptly while the future was running or pending.
[2025-08-18 06:11:06] ERROR: Error in iteration 101: A process in the process pool was terminated abruptly while the future was running or pending.
[2025-08-18 06:11:06] ERROR: Error in iteration 102: A process in the process pool was terminated abruptly while the future was running or pending.
[2025-08-18 06:11:06] ERROR: Error in iteration 103: A process in the process pool was terminated abruptly while the future was running or pending.
[2025-08-18 06:11:06] ERROR: Error in iteration 104: A process in the process pool was terminated abruptly while the future was running or pending.
[2025-08-18 06:11:06] ERROR: Error in iteration 105: A process in the process pool was terminated abruptly while the future was running or pending.
[2025-08-18 06:11:06] ERROR: Error in iteration 106: A process in the process pool was terminated abruptly while the future was running or pending.
[2025-08-18 06:11:06] ERROR: Error in iteration 107: A process in the process pool was terminated abruptly while the future was running or pending.
[2025-08-18 06:11:06] ERROR: Error in iteration 108: A process in the process pool was terminated abruptly while the future was running or pending.
[2025-08-18 06:11:06] ERROR: Error in iteration 109: A process in the process pool was terminated abruptly while the future was running or pending.
[2025-08-18 06:11:06] ERROR: Error in iteration 110: A process in the process pool was terminated abruptly while the future was running or pending.
[2025-08-18 06:11:06] ERROR: Error in iteration 111: A process in the process pool was terminated abruptly while the future was running or pending.
[2025-08-18 06:11:06] ERROR: Error in iteration 112: A process in the process pool was terminated abruptly while the future was running or pending.
[2025-08-18 06:11:06] ERROR: Error in iteration 113: A process in the process pool was terminated abruptly while the future was running or pending.
[2025-08-18 06:11:06] ERROR: Error in iteration 114: A process in the process pool was terminated abruptly while the future was running or pending.
[2025-08-18 06:11:06] ERROR: Error in iteration 115: A process in the process pool was terminated abruptly while the future was running or pending.
[2025-08-18 06:11:06] ERROR: Error in iteration 116: A process in the process pool was terminated abruptly while the future was running or pending.
[2025-08-18 06:11:06] ERROR: Error in iteration 117: A process in the process pool was terminated abruptly while the future was running or pending.
[2025-08-18 06:11:06] ERROR: Error in iteration 118: A process in the process pool was terminated abruptly while the future was running or pending.
[2025-08-18 06:11:06] ERROR: Error in iteration 119: A process in the process pool was terminated abruptly while the future was running or pending.
[2025-08-18 06:11:06] ERROR: Error in iteration 120: A process in the process pool was terminated abruptly while the future was running or pending.
[2025-08-18 06:11:06] ERROR: Error in iteration 121: A process in the process pool was terminated abruptly while the future was running or pending.
[2025-08-18 06:11:06] ERROR: Error in iteration 122: A process in the process pool was terminated abruptly while the future was running or pending.
[2025-08-18 06:11:06] ERROR: Error in iteration 123: A process in the process pool was terminated abruptly while the future was running or pending.
[2025-08-18 06:11:06] ERROR: Error in iteration 124: A process in the process pool was terminated abruptly while the future was running or pending.
[2025-08-18 06:11:06] ERROR: Error in iteration 125: A process in the process pool was terminated abruptly while the future was running or pending.
[2025-08-18 06:11:06] ERROR: Error in iteration 126: A process in the process pool was terminated abruptly while the future was running or pending.
[2025-08-18 06:11:06] ERROR: Error in iteration 127: A process in the process pool was terminated abruptly while the future was running or pending.
[2025-08-18 06:11:06] ERROR: Error in iteration 128: A process in the process pool was terminated abruptly while the future was running or pending.
[2025-08-18 06:11:06] ERROR: Error in iteration 129: A process in the process pool was terminated abruptly while the future was running or pending.
[2025-08-18 06:11:06] ERROR: Error in iteration 130: A process in the process pool was terminated abruptly while the future was running or pending.
[2025-08-18 06:11:06] ERROR: Error in iteration 131: A process in the process pool was terminated abruptly while the future was running or pending.
[2025-08-18 06:11:06] ERROR: Error in iteration 132: A process in the process pool was terminated abruptly while the future was running or pending.
[2025-08-18 06:11:06] ERROR: Error in iteration 133: A process in the process pool was terminated abruptly while the future was running or pending.
[2025-08-18 06:11:06] ERROR: Error in iteration 134: A process in the process pool was terminated abruptly while the future was running or pending.
[2025-08-18 06:11:06] ERROR: Error in iteration 135: A process in the process pool was terminated abruptly while the future was running or pending.
[2025-08-18 06:11:06] ERROR: Error in iteration 136: A process in the process pool was terminated abruptly while the future was running or pending.
[2025-08-18 06:11:06] ERROR: Error in iteration 137: A process in the process pool was terminated abruptly while the future was running or pending.
[2025-08-18 06:11:06] ERROR: Error in iteration 138: A process in the process pool was terminated abruptly while the future was running or pending.
[2025-08-18 06:11:06] ERROR: Error in iteration 139: A process in the process pool was terminated abruptly while the future was running or pending.
[2025-08-18 06:11:06] ERROR: Error in iteration 140: A process in the process pool was terminated abruptly while the future was running or pending.
[2025-08-18 06:11:06] ERROR: Error in iteration 141: A process in the process pool was terminated abruptly while the future was running or pending.
[2025-08-18 06:11:06] ERROR: Error in iteration 142: A process in the process pool was terminated abruptly while the future was running or pending.
[2025-08-18 06:11:06] ERROR: Error in iteration 143: A process in the process pool was terminated abruptly while the future was running or pending.
[2025-08-18 06:11:06] ERROR: Error in iteration 144: A process in the process pool was terminated abruptly while the future was running or pending.
[2025-08-18 06:11:06] ERROR: Error in iteration 145: A process in the process pool was terminated abruptly while the future was running or pending.
[2025-08-18 06:11:06] ERROR: Error in iteration 146: A process in the process pool was terminated abruptly while the future was running or pending.
[2025-08-18 06:11:06] ERROR: Error in iteration 147: A process in the process pool was terminated abruptly while the future was running or pending.
[2025-08-18 06:11:06] ERROR: Error in iteration 148: A process in the process pool was terminated abruptly while the future was running or pending.
[2025-08-18 06:11:06] ERROR: Error in iteration 149: A process in the process pool was terminated abruptly while the future was running or pending.
[2025-08-18 06:11:06] ERROR: Error in iteration 150: A process in the process pool was terminated abruptly while the future was running or pending.
[2025-08-18 06:11:06] ERROR: Error in iteration 151: A process in the process pool was terminated abruptly while the future was running or pending.
[2025-08-18 06:11:06] ERROR: Error in iteration 152: A process in the process pool was terminated abruptly while the future was running or pending.
[2025-08-18 06:11:06] ERROR: Error in iteration 153: A process in the process pool was terminated abruptly while the future was running or pending.
[2025-08-18 06:11:06] ERROR: Error in iteration 154: A process in the process pool was terminated abruptly while the future was running or pending.
[2025-08-18 06:11:06] ERROR: Error in iteration 155: A process in the process pool was terminated abruptly while the future was running or pending.
[2025-08-18 06:11:06] ERROR: Error in iteration 156: A process in the process pool was terminated abruptly while the future was running or pending.
[2025-08-18 06:11:06] ERROR: Error in iteration 157: A process in the process pool was terminated abruptly while the future was running or pending.
[2025-08-18 06:11:06] ERROR: Error in iteration 158: A process in the process pool was terminated abruptly while the future was running or pending.
[2025-08-18 06:11:06] ERROR: Error in iteration 159: A process in the process pool was terminated abruptly while the future was running or pending.
[2025-08-18 06:11:06] ERROR: Error in iteration 160: A process in the process pool was terminated abruptly while the future was running or pending.
[2025-08-18 06:11:06] ERROR: Error in iteration 161: A process in the process pool was terminated abruptly while the future was running or pending.
[2025-08-18 06:11:06] ERROR: Error in iteration 162: A process in the process pool was terminated abruptly while the future was running or pending.
[2025-08-18 06:11:06] ERROR: Error in iteration 163: A process in the process pool was terminated abruptly while the future was running or pending.
[2025-08-18 06:11:06] ERROR: Error in iteration 164: A process in the process pool was terminated abruptly while the future was running or pending.
[2025-08-18 06:11:06] ERROR: Error in iteration 165: A process in the process pool was terminated abruptly while the future was running or pending.
[2025-08-18 06:11:06] ERROR: Error in iteration 166: A process in the process pool was terminated abruptly while the future was running or pending.
[2025-08-18 06:11:06] ERROR: Error in iteration 167: A process in the process pool was terminated abruptly while the future was running or pending.
[2025-08-18 06:11:06] ERROR: Error in iteration 168: A process in the process pool was terminated abruptly while the future was running or pending.
[2025-08-18 06:11:06] ERROR: Error in iteration 169: A process in the process pool was terminated abruptly while the future was running or pending.
[2025-08-18 06:11:06] ERROR: Error in iteration 170: A process in the process pool was terminated abruptly while the future was running or pending.
[2025-08-18 06:11:06] ERROR: Error in iteration 171: A process in the process pool was terminated abruptly while the future was running or pending.
[2025-08-18 06:11:06] ERROR: Error in iteration 172: A process in the process pool was terminated abruptly while the future was running or pending.
[2025-08-18 06:11:06] ERROR: Error in iteration 173: A process in the process pool was terminated abruptly while the future was running or pending.
[2025-08-18 06:11:06] ERROR: Error in iteration 174: A process in the process pool was terminated abruptly while the future was running or pending.
[2025-08-18 06:11:06] ERROR: Error in iteration 175: A process in the process pool was terminated abruptly while the future was running or pending.
[2025-08-18 06:11:06] ERROR: Error in iteration 176: A process in the process pool was terminated abruptly while the future was running or pending.
[2025-08-18 06:11:06] ERROR: Error in iteration 177: A process in the process pool was terminated abruptly while the future was running or pending.
[2025-08-18 06:11:06] ERROR: Error in iteration 178: A process in the process pool was terminated abruptly while the future was running or pending.
[2025-08-18 06:11:06] ERROR: Error in iteration 179: A process in the process pool was terminated abruptly while the future was running or pending.
[2025-08-18 06:11:06] ERROR: Error in iteration 180: A process in the process pool was terminated abruptly while the future was running or pending.
[2025-08-18 06:11:06] ERROR: Error in iteration 181: A process in the process pool was terminated abruptly while the future was running or pending.
[2025-08-18 06:11:06] ERROR: Error in iteration 182: A process in the process pool was terminated abruptly while the future was running or pending.
[2025-08-18 06:11:06] ERROR: Error in iteration 183: A process in the process pool was terminated abruptly while the future was running or pending.
[2025-08-18 06:11:06] ERROR: Error in iteration 184: A process in the process pool was terminated abruptly while the future was running or pending.
[2025-08-18 06:11:06] ERROR: Error in iteration 185: A process in the process pool was terminated abruptly while the future was running or pending.
[2025-08-18 06:11:06] ERROR: Error in iteration 186: A process in the process pool was terminated abruptly while the future was running or pending.
[2025-08-18 06:11:06] ERROR: Error in iteration 187: A process in the process pool was terminated abruptly while the future was running or pending.
[2025-08-18 06:11:06] ERROR: Error in iteration 188: A process in the process pool was terminated abruptly while the future was running or pending.
[2025-08-18 06:11:06] ERROR: Error in iteration 189: A process in the process pool was terminated abruptly while the future was running or pending.
[2025-08-18 06:11:06] ERROR: Error in iteration 190: A process in the process pool was terminated abruptly while the future was running or pending.
[2025-08-18 06:11:06] ERROR: Error in iteration 191: A process in the process pool was terminated abruptly while the future was running or pending.
[2025-08-18 06:11:06] ERROR: Error in iteration 192: A process in the process pool was terminated abruptly while the future was running or pending.
[2025-08-18 06:11:06] ERROR: Error in iteration 193: A process in the process pool was terminated abruptly while the future was running or pending.
[2025-08-18 06:11:06] ERROR: Error in iteration 194: A process in the process pool was terminated abruptly while the future was running or pending.
[2025-08-18 06:11:06] ERROR: Error in iteration 195: A process in the process pool was terminated abruptly while the future was running or pending.
[2025-08-18 06:11:06] ERROR: Error in iteration 196: A process in the process pool was terminated abruptly while the future was running or pending.
[2025-08-18 06:11:06] ERROR: Error in iteration 197: A process in the process pool was terminated abruptly while the future was running or pending.
[2025-08-18 06:11:06] ERROR: Error in iteration 198: A process in the process pool was terminated abruptly while the future was running or pending.
[2025-08-18 06:11:06] ERROR: Error in iteration 199: A process in the process pool was terminated abruptly while the future was running or pending.
Traceback (most recent call last):
  File "/Users/benhplatt23/Desktop/programming/github_repositories/Finance-Machine-Learning/ultra_heavy_training.py", line 178, in <module>
    avg_accuracy = sum(r['accuracy'] for r in phase_results) / len(phase_results)
                   ~~~~~~~~~~~~~~~~~~~~~~~~~~~~~~~~~~~~~~~~~~^~~~~~~~~~~~~~~~~~~~
ZeroDivisionError: division by zero
